<?xml version="1.0" encoding="UTF-8"?>
<!-- Generated by org.testng.reporters.JUnitXMLReporter -->
<testsuite hostname="VMQApractice2" ignored="1" name="Default test" tests="7" failures="0" timestamp="14 Apr 2020 15:16:35 GMT" time="81.274" errors="0">
  <testcase name="runScenario" time="27.624" classname="com.cl.java_af.testbases.CucumberTestBase"/>
  <testcase name="runScenario" time="25.992" classname="com.cl.java_af.testbases.CucumberTestBase"/>
  <testcase name="runScenario" time="29.406" classname="com.cl.java_af.testbases.CucumberTestBase"/>
  <testcase name="runScenario" time="30.257" classname="com.cl.java_af.testbases.CucumberTestBase"/>
  <testcase name="runScenario" time="33.825" classname="com.cl.java_af.testbases.CucumberTestBase"/>
  <testcase name="runScenario" time="43.178" classname="com.cl.java_af.testbases.CucumberTestBase"/>
  <testcase name="runScenario" time="64.943" classname="com.cl.java_af.testbases.CucumberTestBase"/>
  <testcase name="runFeatures" time="0.0" classname="com.cl.java_af.testbases.CucumberTestBase">
    <ignored/>
  </testcase> <!-- runFeatures -->
</testsuite> <!-- Default test -->
