<?xml version="1.0" encoding="UTF-8"?>
<!-- Generated by org.testng.reporters.JUnitXMLReporter -->
<testsuite hostname="VMQApractice2" ignored="1" name="Tests on chrome" tests="1" failures="0" timestamp="14 Apr 2020 13:57:08 GMT" time="10.342" errors="0">
  <testcase name="runScenario" time="0.38" classname="com.cl.java_af.testbases.CucumberTestBase">
    <skipped/>
  </testcase> <!-- runScenario -->
  <testcase name="runFeatures" time="0.0" classname="com.cl.java_af.testbases.CucumberTestBase">
    <ignored/>
  </testcase> <!-- runFeatures -->
</testsuite> <!-- Tests on chrome -->
