<?xml version="1.0" encoding="UTF-8"?>
<!-- Generated by org.testng.reporters.JUnitXMLReporter -->
<testsuite hostname="VMQApractice2" ignored="1" name="Tests on chrome" tests="7" failures="1" timestamp="17 Apr 2020 13:54:36 GMT" time="285.291" errors="0">
  <testcase name="runScenario" time="28.812" classname="com.cl.java_af.testbases.CucumberTestBase"/>
  <testcase name="runScenario" time="26.851" classname="com.cl.java_af.testbases.CucumberTestBase"/>
  <testcase name="runScenario" time="26.924" classname="com.cl.java_af.testbases.CucumberTestBase"/>
  <testcase name="runScenario" time="61.102" classname="com.cl.java_af.testbases.CucumberTestBase"/>
  <testcase name="runScenario" time="21.752" classname="com.cl.java_af.testbases.CucumberTestBase"/>
  <testcase name="runScenario" time="26.772" classname="com.cl.java_af.testbases.CucumberTestBase"/>
  <testcase name="runScenario" time="37.816" classname="com.cl.java_af.testbases.CucumberTestBase">
    <failure type="java.lang.AssertionError" message="null">
      <![CDATA[java.lang.AssertionError: null
at com.cl.java_af.reporting.ReportLibrary.reportHardFail(ReportLibrary.java:262)
at com.cl.borrower_web.actions.ObjectBase.reportHardFail(ObjectBase.java:109)
at com.cl.borrower_web.steps.portal.UploadFormSteps.user_should_be_able_to_see_the_text_as_Electronic_Fund_Transfer_Direct_Deposit_Form_pdf(UploadFormSteps.java:154)
at ✽.User should be able to see the text as Electronic_Fund_Transfer_Direct_Deposit_Form.pdf(file:src/test/resources/features/web/portal/uploadForm/UploadForm.feature:19)
... Removed 2 stack frames]]>
    </failure>
  </testcase> <!-- runScenario -->
  <testcase name="runFeatures" time="0.0" classname="com.cl.java_af.testbases.CucumberTestBase">
    <ignored/>
  </testcase> <!-- runFeatures -->
</testsuite> <!-- Tests on chrome -->
