<?xml version="1.0" encoding="UTF-8"?>
<testng-results skipped="0" failed="1" ignored="1" total="8" passed="6">
  <reporter-output>
  </reporter-output>
  <suite name="Suite" duration-ms="285291" started-at="2020-04-17T13:49:51Z" finished-at="2020-04-17T13:54:36Z">
    <groups>
      <group name="cucumber">
        <method signature="CucumberTestBase.runScenario(com.cl.java_af.cucmber.PickleEventWrapper, com.cl.java_af.cucmber.CucumberFeatureWrapper)[pri:0, instance:com.cl.borrower_web.runners.WebTestRunner@4b4523f8]" name="runScenario" class="com.cl.java_af.testbases.CucumberTestBase"/>
      </group> <!-- cucumber -->
    </groups>
    <test name="Tests on chrome" duration-ms="285291" started-at="2020-04-17T13:49:51Z" finished-at="2020-04-17T13:54:36Z">
      <class name="com.cl.borrower_web.runners.WebTestRunner">
        <test-method status="PASS" signature="beforeSuite(org.testng.ITestContext)[pri:0, instance:com.cl.borrower_web.runners.WebTestRunner@4b4523f8]" name="beforeSuite" is-config="true" duration-ms="18" started-at="2020-04-17T13:49:51Z" finished-at="2020-04-17T13:49:51Z">
          <params>
            <param index="0">
              <value>
                <![CDATA[org.testng.TestRunner@13c27452]]>
              </value>
            </param>
          </params>
          <reporter-output>
          </reporter-output>
        </test-method> <!-- beforeSuite -->
        <test-method status="PASS" signature="beforeTest(org.testng.ITestContext)[pri:0, instance:com.cl.borrower_web.runners.WebTestRunner@4b4523f8]" name="beforeTest" is-config="true" duration-ms="3" started-at="2020-04-17T13:49:51Z" finished-at="2020-04-17T13:49:51Z">
          <params>
            <param index="0">
              <value>
                <![CDATA[org.testng.TestRunner@13c27452]]>
              </value>
            </param>
          </params>
          <reporter-output>
          </reporter-output>
        </test-method> <!-- beforeTest -->
        <test-method status="PASS" signature="beforeClass(org.testng.ITestContext)[pri:0, instance:com.cl.borrower_web.runners.WebTestRunner@4b4523f8]" name="beforeClass" is-config="true" duration-ms="185" started-at="2020-04-17T13:49:51Z" finished-at="2020-04-17T13:49:51Z">
          <params>
            <param index="0">
              <value>
                <![CDATA[org.testng.TestRunner@13c27452]]>
              </value>
            </param>
          </params>
          <reporter-output>
          </reporter-output>
        </test-method> <!-- beforeClass -->
        <test-method status="PASS" signature="beforeMethod(org.testng.ITestContext, java.lang.reflect.Method)[pri:0, instance:com.cl.borrower_web.runners.WebTestRunner@4b4523f8]" name="beforeMethod" is-config="true" duration-ms="7833" started-at="2020-04-17T13:49:51Z" finished-at="2020-04-17T13:49:59Z">
          <params>
            <param index="0">
              <value>
                <![CDATA[org.testng.TestRunner@13c27452]]>
              </value>
            </param>
            <param index="1">
              <value>
                <![CDATA[public void com.cl.java_af.testbases.CucumberTestBase.runScenario(com.cl.java_af.cucmber.PickleEventWrapper,com.cl.java_af.cucmber.CucumberFeatureWrapper) throws java.lang.Throwable]]>
              </value>
            </param>
          </params>
          <reporter-output>
          </reporter-output>
        </test-method> <!-- beforeMethod -->
        <test-method status="PASS" signature="runScenario(com.cl.java_af.cucmber.PickleEventWrapper, com.cl.java_af.cucmber.CucumberFeatureWrapper)[pri:0, instance:com.cl.borrower_web.runners.WebTestRunner@4b4523f8]" name="runScenario" duration-ms="28812" started-at="2020-04-17T13:49:59Z" description="Runs Cucumber Scenarios" data-provider="scenarios" finished-at="2020-04-17T13:50:28Z">
          <params>
            <param index="0">
              <value>
                <![CDATA[""]]>
              </value>
            </param>
            <param index="1">
              <value>
                <![CDATA["My loan details and borrower details verification."]]>
              </value>
            </param>
          </params>
          <reporter-output>
          </reporter-output>
        </test-method> <!-- runScenario -->
        <test-method status="PASS" signature="afterMethod(org.testng.ITestResult)[pri:0, instance:com.cl.borrower_web.runners.WebTestRunner@4b4523f8]" name="afterMethod" is-config="true" duration-ms="1237" started-at="2020-04-17T13:50:28Z" finished-at="2020-04-17T13:50:29Z">
          <params>
            <param index="0">
              <value>
                <![CDATA[[TestResult name=runScenario status=SUCCESS method=CucumberTestBase.runScenario(com.cl.java_af.cucmber.PickleEventWrapper, com.cl.java_af.cucmber.CucumberFeatureWrapper)[pri:0, instance:com.cl.borrower_web.runners.WebTestRunner@4b4523f8] output={null}]]]>
              </value>
            </param>
          </params>
          <reporter-output>
          </reporter-output>
        </test-method> <!-- afterMethod -->
        <test-method status="PASS" signature="beforeMethod(org.testng.ITestContext, java.lang.reflect.Method)[pri:0, instance:com.cl.borrower_web.runners.WebTestRunner@4b4523f8]" name="beforeMethod" is-config="true" duration-ms="7126" started-at="2020-04-17T13:50:29Z" finished-at="2020-04-17T13:50:36Z">
          <params>
            <param index="0">
              <value>
                <![CDATA[org.testng.TestRunner@13c27452]]>
              </value>
            </param>
            <param index="1">
              <value>
                <![CDATA[public void com.cl.java_af.testbases.CucumberTestBase.runScenario(com.cl.java_af.cucmber.PickleEventWrapper,com.cl.java_af.cucmber.CucumberFeatureWrapper) throws java.lang.Throwable]]>
              </value>
            </param>
          </params>
          <reporter-output>
          </reporter-output>
        </test-method> <!-- beforeMethod -->
        <test-method status="PASS" signature="runScenario(com.cl.java_af.cucmber.PickleEventWrapper, com.cl.java_af.cucmber.CucumberFeatureWrapper)[pri:0, instance:com.cl.borrower_web.runners.WebTestRunner@4b4523f8]" name="runScenario" duration-ms="26851" started-at="2020-04-17T13:50:36Z" description="Runs Cucumber Scenarios" data-provider="scenarios" finished-at="2020-04-17T13:51:03Z">
          <params>
            <param index="0">
              <value>
                <![CDATA[""]]>
              </value>
            </param>
            <param index="1">
              <value>
                <![CDATA["My loan details and borrower details verification."]]>
              </value>
            </param>
          </params>
          <reporter-output>
          </reporter-output>
        </test-method> <!-- runScenario -->
        <test-method status="PASS" signature="afterMethod(org.testng.ITestResult)[pri:0, instance:com.cl.borrower_web.runners.WebTestRunner@4b4523f8]" name="afterMethod" is-config="true" duration-ms="799" started-at="2020-04-17T13:51:03Z" finished-at="2020-04-17T13:51:04Z">
          <params>
            <param index="0">
              <value>
                <![CDATA[[TestResult name=runScenario status=SUCCESS method=CucumberTestBase.runScenario(com.cl.java_af.cucmber.PickleEventWrapper, com.cl.java_af.cucmber.CucumberFeatureWrapper)[pri:0, instance:com.cl.borrower_web.runners.WebTestRunner@4b4523f8] output={null}]]]>
              </value>
            </param>
          </params>
          <reporter-output>
          </reporter-output>
        </test-method> <!-- afterMethod -->
        <test-method status="PASS" signature="beforeMethod(org.testng.ITestContext, java.lang.reflect.Method)[pri:0, instance:com.cl.borrower_web.runners.WebTestRunner@4b4523f8]" name="beforeMethod" is-config="true" duration-ms="6961" started-at="2020-04-17T13:51:04Z" finished-at="2020-04-17T13:51:11Z">
          <params>
            <param index="0">
              <value>
                <![CDATA[org.testng.TestRunner@13c27452]]>
              </value>
            </param>
            <param index="1">
              <value>
                <![CDATA[public void com.cl.java_af.testbases.CucumberTestBase.runScenario(com.cl.java_af.cucmber.PickleEventWrapper,com.cl.java_af.cucmber.CucumberFeatureWrapper) throws java.lang.Throwable]]>
              </value>
            </param>
          </params>
          <reporter-output>
          </reporter-output>
        </test-method> <!-- beforeMethod -->
        <test-method status="PASS" signature="runScenario(com.cl.java_af.cucmber.PickleEventWrapper, com.cl.java_af.cucmber.CucumberFeatureWrapper)[pri:0, instance:com.cl.borrower_web.runners.WebTestRunner@4b4523f8]" name="runScenario" duration-ms="26924" started-at="2020-04-17T13:51:11Z" description="Runs Cucumber Scenarios" data-provider="scenarios" finished-at="2020-04-17T13:51:38Z">
          <params>
            <param index="0">
              <value>
                <![CDATA[""]]>
              </value>
            </param>
            <param index="1">
              <value>
                <![CDATA["My loan details and borrower details verification."]]>
              </value>
            </param>
          </params>
          <reporter-output>
          </reporter-output>
        </test-method> <!-- runScenario -->
        <test-method status="PASS" signature="afterMethod(org.testng.ITestResult)[pri:0, instance:com.cl.borrower_web.runners.WebTestRunner@4b4523f8]" name="afterMethod" is-config="true" duration-ms="735" started-at="2020-04-17T13:51:38Z" finished-at="2020-04-17T13:51:38Z">
          <params>
            <param index="0">
              <value>
                <![CDATA[[TestResult name=runScenario status=SUCCESS method=CucumberTestBase.runScenario(com.cl.java_af.cucmber.PickleEventWrapper, com.cl.java_af.cucmber.CucumberFeatureWrapper)[pri:0, instance:com.cl.borrower_web.runners.WebTestRunner@4b4523f8] output={null}]]]>
              </value>
            </param>
          </params>
          <reporter-output>
          </reporter-output>
        </test-method> <!-- afterMethod -->
        <test-method status="PASS" signature="beforeMethod(org.testng.ITestContext, java.lang.reflect.Method)[pri:0, instance:com.cl.borrower_web.runners.WebTestRunner@4b4523f8]" name="beforeMethod" is-config="true" duration-ms="6948" started-at="2020-04-17T13:51:38Z" finished-at="2020-04-17T13:51:45Z">
          <params>
            <param index="0">
              <value>
                <![CDATA[org.testng.TestRunner@13c27452]]>
              </value>
            </param>
            <param index="1">
              <value>
                <![CDATA[public void com.cl.java_af.testbases.CucumberTestBase.runScenario(com.cl.java_af.cucmber.PickleEventWrapper,com.cl.java_af.cucmber.CucumberFeatureWrapper) throws java.lang.Throwable]]>
              </value>
            </param>
          </params>
          <reporter-output>
          </reporter-output>
        </test-method> <!-- beforeMethod -->
        <test-method status="PASS" signature="runScenario(com.cl.java_af.cucmber.PickleEventWrapper, com.cl.java_af.cucmber.CucumberFeatureWrapper)[pri:0, instance:com.cl.borrower_web.runners.WebTestRunner@4b4523f8]" name="runScenario" duration-ms="61102" started-at="2020-04-17T13:51:45Z" description="Runs Cucumber Scenarios" data-provider="scenarios" finished-at="2020-04-17T13:52:46Z">
          <params>
            <param index="0">
              <value>
                <![CDATA["As a user I want to Login and validate all the questions"]]>
              </value>
            </param>
            <param index="1">
              <value>
                <![CDATA["Login and Upload a form in common forms Page"]]>
              </value>
            </param>
          </params>
          <reporter-output>
          </reporter-output>
        </test-method> <!-- runScenario -->
        <test-method status="PASS" signature="afterMethod(org.testng.ITestResult)[pri:0, instance:com.cl.borrower_web.runners.WebTestRunner@4b4523f8]" name="afterMethod" is-config="true" duration-ms="855" started-at="2020-04-17T13:52:46Z" finished-at="2020-04-17T13:52:47Z">
          <params>
            <param index="0">
              <value>
                <![CDATA[[TestResult name=runScenario status=SUCCESS method=CucumberTestBase.runScenario(com.cl.java_af.cucmber.PickleEventWrapper, com.cl.java_af.cucmber.CucumberFeatureWrapper)[pri:0, instance:com.cl.borrower_web.runners.WebTestRunner@4b4523f8] output={null}]]]>
              </value>
            </param>
          </params>
          <reporter-output>
          </reporter-output>
        </test-method> <!-- afterMethod -->
        <test-method status="PASS" signature="beforeMethod(org.testng.ITestContext, java.lang.reflect.Method)[pri:0, instance:com.cl.borrower_web.runners.WebTestRunner@4b4523f8]" name="beforeMethod" is-config="true" duration-ms="6464" started-at="2020-04-17T13:52:47Z" finished-at="2020-04-17T13:52:54Z">
          <params>
            <param index="0">
              <value>
                <![CDATA[org.testng.TestRunner@13c27452]]>
              </value>
            </param>
            <param index="1">
              <value>
                <![CDATA[public void com.cl.java_af.testbases.CucumberTestBase.runScenario(com.cl.java_af.cucmber.PickleEventWrapper,com.cl.java_af.cucmber.CucumberFeatureWrapper) throws java.lang.Throwable]]>
              </value>
            </param>
          </params>
          <reporter-output>
          </reporter-output>
        </test-method> <!-- beforeMethod -->
        <test-method status="PASS" signature="runScenario(com.cl.java_af.cucmber.PickleEventWrapper, com.cl.java_af.cucmber.CucumberFeatureWrapper)[pri:0, instance:com.cl.borrower_web.runners.WebTestRunner@4b4523f8]" name="runScenario" duration-ms="21752" started-at="2020-04-17T13:52:54Z" description="Runs Cucumber Scenarios" data-provider="scenarios" finished-at="2020-04-17T13:53:16Z">
          <params>
            <param index="0">
              <value>
                <![CDATA[""]]>
              </value>
            </param>
            <param index="1">
              <value>
                <![CDATA["User Login to Borrower Portal."]]>
              </value>
            </param>
          </params>
          <reporter-output>
          </reporter-output>
        </test-method> <!-- runScenario -->
        <test-method status="PASS" signature="afterMethod(org.testng.ITestResult)[pri:0, instance:com.cl.borrower_web.runners.WebTestRunner@4b4523f8]" name="afterMethod" is-config="true" duration-ms="1017" started-at="2020-04-17T13:53:16Z" finished-at="2020-04-17T13:53:17Z">
          <params>
            <param index="0">
              <value>
                <![CDATA[[TestResult name=runScenario status=SUCCESS method=CucumberTestBase.runScenario(com.cl.java_af.cucmber.PickleEventWrapper, com.cl.java_af.cucmber.CucumberFeatureWrapper)[pri:0, instance:com.cl.borrower_web.runners.WebTestRunner@4b4523f8] output={null}]]]>
              </value>
            </param>
          </params>
          <reporter-output>
          </reporter-output>
        </test-method> <!-- afterMethod -->
        <test-method status="PASS" signature="beforeMethod(org.testng.ITestContext, java.lang.reflect.Method)[pri:0, instance:com.cl.borrower_web.runners.WebTestRunner@4b4523f8]" name="beforeMethod" is-config="true" duration-ms="6079" started-at="2020-04-17T13:53:17Z" finished-at="2020-04-17T13:53:23Z">
          <params>
            <param index="0">
              <value>
                <![CDATA[org.testng.TestRunner@13c27452]]>
              </value>
            </param>
            <param index="1">
              <value>
                <![CDATA[public void com.cl.java_af.testbases.CucumberTestBase.runScenario(com.cl.java_af.cucmber.PickleEventWrapper,com.cl.java_af.cucmber.CucumberFeatureWrapper) throws java.lang.Throwable]]>
              </value>
            </param>
          </params>
          <reporter-output>
          </reporter-output>
        </test-method> <!-- beforeMethod -->
        <test-method status="PASS" signature="runScenario(com.cl.java_af.cucmber.PickleEventWrapper, com.cl.java_af.cucmber.CucumberFeatureWrapper)[pri:0, instance:com.cl.borrower_web.runners.WebTestRunner@4b4523f8]" name="runScenario" duration-ms="26772" started-at="2020-04-17T13:53:23Z" description="Runs Cucumber Scenarios" data-provider="scenarios" finished-at="2020-04-17T13:53:49Z">
          <params>
            <param index="0">
              <value>
                <![CDATA[""]]>
              </value>
            </param>
            <param index="1">
              <value>
                <![CDATA["User Login to Borrower Portal."]]>
              </value>
            </param>
          </params>
          <reporter-output>
          </reporter-output>
        </test-method> <!-- runScenario -->
        <test-method status="PASS" signature="afterMethod(org.testng.ITestResult)[pri:0, instance:com.cl.borrower_web.runners.WebTestRunner@4b4523f8]" name="afterMethod" is-config="true" duration-ms="932" started-at="2020-04-17T13:53:49Z" finished-at="2020-04-17T13:53:50Z">
          <params>
            <param index="0">
              <value>
                <![CDATA[[TestResult name=runScenario status=SUCCESS method=CucumberTestBase.runScenario(com.cl.java_af.cucmber.PickleEventWrapper, com.cl.java_af.cucmber.CucumberFeatureWrapper)[pri:0, instance:com.cl.borrower_web.runners.WebTestRunner@4b4523f8] output={null}]]]>
              </value>
            </param>
          </params>
          <reporter-output>
          </reporter-output>
        </test-method> <!-- afterMethod -->
        <test-method status="PASS" signature="beforeMethod(org.testng.ITestContext, java.lang.reflect.Method)[pri:0, instance:com.cl.borrower_web.runners.WebTestRunner@4b4523f8]" name="beforeMethod" is-config="true" duration-ms="6504" started-at="2020-04-17T13:53:50Z" finished-at="2020-04-17T13:53:57Z">
          <params>
            <param index="0">
              <value>
                <![CDATA[org.testng.TestRunner@13c27452]]>
              </value>
            </param>
            <param index="1">
              <value>
                <![CDATA[public void com.cl.java_af.testbases.CucumberTestBase.runScenario(com.cl.java_af.cucmber.PickleEventWrapper,com.cl.java_af.cucmber.CucumberFeatureWrapper) throws java.lang.Throwable]]>
              </value>
            </param>
          </params>
          <reporter-output>
          </reporter-output>
        </test-method> <!-- beforeMethod -->
        <test-method status="FAIL" signature="runScenario(com.cl.java_af.cucmber.PickleEventWrapper, com.cl.java_af.cucmber.CucumberFeatureWrapper)[pri:0, instance:com.cl.borrower_web.runners.WebTestRunner@4b4523f8]" name="runScenario" duration-ms="37816" started-at="2020-04-17T13:53:57Z" description="Runs Cucumber Scenarios" data-provider="scenarios" finished-at="2020-04-17T13:54:35Z">
          <params>
            <param index="0">
              <value>
                <![CDATA["As a user I want to Login and upload documents in common forms page"]]>
              </value>
            </param>
            <param index="1">
              <value>
                <![CDATA["Login and Upload a form in common forms Page"]]>
              </value>
            </param>
          </params>
          <exception class="java.lang.AssertionError">
            <message>
              <![CDATA[null]]>
            </message>
            <full-stacktrace>
              <![CDATA[java.lang.AssertionError: null
at org.testng.Assert.fail(Assert.java:96)
at org.testng.Assert.fail(Assert.java:103)
at com.cl.java_af.reporting.ReportLibrary.reportHardFail(ReportLibrary.java:262)
at com.cl.borrower_web.actions.ObjectBase.reportHardFail(ObjectBase.java:109)
at com.cl.borrower_web.steps.portal.UploadFormSteps.user_should_be_able_to_see_the_text_as_Electronic_Fund_Transfer_Direct_Deposit_Form_pdf(UploadFormSteps.java:154)
at âœ½.User should be able to see the text as Electronic_Fund_Transfer_Direct_Deposit_Form.pdf(file:src/test/resources/features/web/portal/uploadForm/UploadForm.feature:19)
]]>
            </full-stacktrace>
          </exception> <!-- java.lang.AssertionError -->
          <reporter-output>
          </reporter-output>
        </test-method> <!-- runScenario -->
        <test-method status="PASS" signature="afterMethod(org.testng.ITestResult)[pri:0, instance:com.cl.borrower_web.runners.WebTestRunner@4b4523f8]" name="afterMethod" is-config="true" duration-ms="1409" started-at="2020-04-17T13:54:35Z" finished-at="2020-04-17T13:54:36Z">
          <params>
            <param index="0">
              <value>
                <![CDATA[[TestResult name=runScenario status=FAILURE method=CucumberTestBase.runScenario(com.cl.java_af.cucmber.PickleEventWrapper, com.cl.java_af.cucmber.CucumberFeatureWrapper)[pri:0, instance:com.cl.borrower_web.runners.WebTestRunner@4b4523f8] output={null}]]]>
              </value>
            </param>
          </params>
          <reporter-output>
          </reporter-output>
        </test-method> <!-- afterMethod -->
        <test-method status="PASS" signature="afterClass()[pri:0, instance:com.cl.borrower_web.runners.WebTestRunner@4b4523f8]" name="afterClass" is-config="true" duration-ms="75" started-at="2020-04-17T13:54:36Z" finished-at="2020-04-17T13:54:36Z">
          <reporter-output>
          </reporter-output>
        </test-method> <!-- afterClass -->
        <test-method status="PASS" signature="afterTest()[pri:0, instance:com.cl.borrower_web.runners.WebTestRunner@4b4523f8]" name="afterTest" is-config="true" duration-ms="0" started-at="2020-04-17T13:54:36Z" finished-at="2020-04-17T13:54:36Z">
          <reporter-output>
          </reporter-output>
        </test-method> <!-- afterTest -->
        <test-method status="PASS" signature="afterSuite()[pri:0, instance:com.cl.borrower_web.runners.WebTestRunner@4b4523f8]" name="afterSuite" is-config="true" duration-ms="1" started-at="2020-04-17T13:54:36Z" finished-at="2020-04-17T13:54:36Z">
          <reporter-output>
          </reporter-output>
        </test-method> <!-- afterSuite -->
      </class> <!-- com.cl.borrower_web.runners.WebTestRunner -->
    </test> <!-- Tests on chrome -->
  </suite> <!-- Suite -->
</testng-results>
