<?xml version="1.0" encoding="UTF-8"?>
<!-- Generated by org.testng.reporters.JUnitReportReporter -->
<testsuite skipped="0" hostname="VMQApractice2" name="com.cl.borrower_web.runners.WebTestRunner" tests="7" failures="1" timestamp="17 Apr 2020 13:54:36 GMT" time="284.928" errors="0">
  <testcase name="runScenario" time="34.633" classname="com.cl.borrower_web.runners.WebTestRunner"/>
  <testcase name="runScenario" time="34.740" classname="com.cl.borrower_web.runners.WebTestRunner"/>
  <testcase name="runScenario" time="35.616" classname="com.cl.borrower_web.runners.WebTestRunner"/>
  <testcase name="runScenario" time="68.590" classname="com.cl.borrower_web.runners.WebTestRunner"/>
  <testcase name="runScenario" time="45.517" classname="com.cl.borrower_web.runners.WebTestRunner">
    <failure type="java.lang.AssertionError" message="null">
      <![CDATA[java.lang.AssertionError: null
at org.testng.Assert.fail(Assert.java:96)
at org.testng.Assert.fail(Assert.java:103)
at com.cl.java_af.reporting.ReportLibrary.reportHardFail(ReportLibrary.java:262)
at com.cl.borrower_web.actions.ObjectBase.reportHardFail(ObjectBase.java:109)
at com.cl.borrower_web.steps.portal.UploadFormSteps.user_should_be_able_to_see_the_text_as_Electronic_Fund_Transfer_Direct_Deposit_Form_pdf(UploadFormSteps.java:154)
at ✽.User should be able to see the text as Electronic_Fund_Transfer_Direct_Deposit_Form.pdf(file:src/test/resources/features/web/portal/uploadForm/UploadForm.feature:19)
]]>
    </failure>
  </testcase> <!-- runScenario -->
  <testcase name="runScenario" time="36.777" classname="com.cl.borrower_web.runners.WebTestRunner"/>
  <testcase name="runScenario" time="29.055" classname="com.cl.borrower_web.runners.WebTestRunner"/>
</testsuite> <!-- com.cl.borrower_web.runners.WebTestRunner -->
